<?xml version="1.0" encoding="UTF-8"?>
<!-- Generated by org.testng.reporters.JUnitXMLReporter -->
<testsuite ignored="0" hostname="MSI" failures="0" tests="12" name="Test" time="64.974" errors="0" timestamp="2025-08-08T13:18:00 IST">
  <testcase classname="TestCases.TC001_AccountRegistrationTest" name="register" time="3.082"/>
  <testcase classname="TestCases.TC002_LoginTest" name="login" time="2.209"/>
  <testcase classname="TestCases.TC003_DDTTest" name="verify_login" time="2.841"/>
  <testcase classname="TestCases.TC003_DDTTest" name="verify_login" time="2.302"/>
  <testcase classname="TestCases.TC003_DDTTest" name="verify_login" time="5.671"/>
  <testcase classname="TestCases.TC003_DDTTest" name="verify_login" time="6.443"/>
  <testcase classname="TestCases.TC003_DDTTest" name="verify_login" time="6.57"/>
  <testcase classname="TestCases.TC003_DDTTest" name="verify_login" time="6.564"/>
  <testcase classname="TestCases.TC004_SearchingTest" name="search" time="0.451"/>
  <testcase classname="TestCases.TC005_AddToCartTest" name="addtoCartVerfication" time="0.802"/>
  <testcase classname="TestCases.TC006_CurrencyChangeTest" name="currencyTest" time="2.562"/>
  <testcase classname="TestCases.TC007_EndToEndTest" name="endToEndTesting" time="6.37"/>
</testsuite> <!-- Test -->
