<?xml version="1.0" encoding="UTF-8"?>
<!-- Generated by org.testng.reporters.JUnitXMLReporter -->
<testsuite ignored="0" hostname="MSI" failures="0" tests="10" name="Test" time="48.533" errors="0" timestamp="2025-08-06T11:02:34 IST">
  <testcase classname="TestCases.TC001_AccountRegistrationTest" name="register" time="2.679"/>
  <testcase classname="TestCases.TC002_LoginTest" name="login" time="2.06"/>
  <testcase classname="TestCases.TC003_DDTTest" name="verify_login" time="2.114"/>
  <testcase classname="TestCases.TC003_DDTTest" name="verify_login" time="1.925"/>
  <testcase classname="TestCases.TC003_DDTTest" name="verify_login" time="5.611"/>
  <testcase classname="TestCases.TC003_DDTTest" name="verify_login" time="6.983"/>
  <testcase classname="TestCases.TC003_DDTTest" name="verify_login" time="5.835"/>
  <testcase classname="TestCases.TC003_DDTTest" name="verify_login" time="5.785"/>
  <testcase classname="TestCases.TC004_SearchingTest" name="search" time="0.574"/>
  <testcase classname="TestCases.TC005_AddToCartTest" name="addtoCartVerfication" time="0.937"/>
</testsuite> <!-- Test -->
