<?xml version="1.0" encoding="UTF-8"?>
<!-- Generated by org.testng.reporters.JUnitXMLReporter -->
<testsuite ignored="5" hostname="MSI" failures="0" tests="1" name="Test" time="8.972" errors="0" timestamp="2025-08-06T18:08:59 IST">
  <testcase classname="TestCases.TC006_CurrencyChangeTest" name="currencyTest" time="2.431"/>
  <testcase classname="TestCases.TC001_AccountRegistrationTest" name="register" time="0.0">
    <ignored/>
  </testcase> <!-- register -->
  <testcase classname="TestCases.TC002_LoginTest" name="login" time="0.0">
    <ignored/>
  </testcase> <!-- login -->
  <testcase classname="TestCases.TC004_SearchingTest" name="search" time="0.0">
    <ignored/>
  </testcase> <!-- search -->
  <testcase classname="TestCases.TC005_AddToCartTest" name="addtoCartVerfication" time="0.0">
    <ignored/>
  </testcase> <!-- addtoCartVerfication -->
  <testcase classname="TestCases.TC003_DDTTest" name="verify_login" time="0.0">
    <ignored/>
  </testcase> <!-- verify_login -->
</testsuite> <!-- Test -->
