<?xml version="1.0" encoding="UTF-8"?>
<!-- Generated by org.testng.reporters.JUnitXMLReporter -->
<testsuite ignored="0" hostname="MSI" failures="0" tests="10" name="Test" time="48.734" errors="0" timestamp="2025-08-05T13:28:37 IST">
  <testcase classname="TestCases.TC001_AccountRegistrationTest" name="register" time="2.066"/>
  <testcase classname="TestCases.TC002_LoginTest" name="login" time="2.004"/>
  <testcase classname="TestCases.TC003_DDTTest" name="verify_login" time="2.032"/>
  <testcase classname="TestCases.TC003_DDTTest" name="verify_login" time="2.128"/>
  <testcase classname="TestCases.TC003_DDTTest" name="verify_login" time="6.458"/>
  <testcase classname="TestCases.TC003_DDTTest" name="verify_login" time="6.66"/>
  <testcase classname="TestCases.TC003_DDTTest" name="verify_login" time="6.239"/>
  <testcase classname="TestCases.TC003_DDTTest" name="verify_login" time="6.826"/>
  <testcase classname="TestCases.TC004_SearchingTest" name="search" time="0.501"/>
  <testcase classname="TestCases.TC005_AddToCartTest" name="addtoCartVerfication" time="0.736"/>
</testsuite> <!-- Test -->
