<?xml version="1.0" encoding="UTF-8"?>
<testng-results ignored="0" total="12" passed="12" failed="0" skipped="0">
  <reporter-output>
  </reporter-output>
  <suite started-at="2025-08-08T13:16:54 IST" name="Master Suite" finished-at="2025-08-08T13:17:59 IST" duration-ms="64974">
    <groups>
      <group name="Master">
        <method signature="TC001_AccountRegistrationTest.register()[pri:0, instance:TestCases.TC001_AccountRegistrationTest@5876a9af]" name="register" class="TestCases.TC001_AccountRegistrationTest"/>
        <method signature="TC002_LoginTest.login()[pri:0, instance:TestCases.TC002_LoginTest@6d763516]" name="login" class="TestCases.TC002_LoginTest"/>
        <method signature="TC003_DDTTest.verify_login(java.lang.String,java.lang.String,java.lang.String)[pri:0, instance:TestCases.TC003_DDTTest@52bf72b5]" name="verify_login" class="TestCases.TC003_DDTTest"/>
      </group> <!-- Master -->
      <group name="datadriven">
        <method signature="TC003_DDTTest.verify_login(java.lang.String,java.lang.String,java.lang.String)[pri:0, instance:TestCases.TC003_DDTTest@52bf72b5]" name="verify_login" class="TestCases.TC003_DDTTest"/>
      </group> <!-- datadriven -->
      <group name="tc004">
        <method signature="TC004_SearchingTest.search()[pri:0, instance:TestCases.TC004_SearchingTest@37afeb11]" name="search" class="TestCases.TC004_SearchingTest"/>
      </group> <!-- tc004 -->
      <group name="tc005">
        <method signature="TC005_AddToCartTest.addtoCartVerfication()[pri:0, instance:TestCases.TC005_AddToCartTest@515aebb0]" name="addtoCartVerfication" class="TestCases.TC005_AddToCartTest"/>
      </group> <!-- tc005 -->
      <group name="regression">
        <method signature="TC001_AccountRegistrationTest.register()[pri:0, instance:TestCases.TC001_AccountRegistrationTest@5876a9af]" name="register" class="TestCases.TC001_AccountRegistrationTest"/>
      </group> <!-- regression -->
      <group name="tc006">
        <method signature="TC006_CurrencyChangeTest.currencyTest()[pri:0, instance:TestCases.TC006_CurrencyChangeTest@dd8ba08]" name="currencyTest" class="TestCases.TC006_CurrencyChangeTest"/>
      </group> <!-- tc006 -->
      <group name="tc007">
        <method signature="TC007_EndToEndTest.endToEndTesting()[pri:0, instance:TestCases.TC007_EndToEndTest@245b4bdc]" name="endToEndTesting" class="TestCases.TC007_EndToEndTest"/>
      </group> <!-- tc007 -->
      <group name="sanity">
        <method signature="TC002_LoginTest.login()[pri:0, instance:TestCases.TC002_LoginTest@6d763516]" name="login" class="TestCases.TC002_LoginTest"/>
      </group> <!-- sanity -->
    </groups>
    <test started-at="2025-08-08T13:16:54 IST" name="Test" finished-at="2025-08-08T13:17:59 IST" duration-ms="64974">
      <class name="TestCases.TC005_AddToCartTest">
        <test-method is-config="true" signature="setUp(java.lang.String,java.lang.String)[pri:0, instance:TestCases.TC005_AddToCartTest@515aebb0]" started-at="2025-08-08T13:17:42 IST" name="setUp" finished-at="2025-08-08T13:17:45 IST" duration-ms="2181" status="PASS">
          <params>
            <param index="0">
              <value>
                <![CDATA[window]]>
              </value>
            </param>
            <param index="1">
              <value>
                <![CDATA[chrome]]>
              </value>
            </param>
          </params>
          <reporter-output>
          </reporter-output>
        </test-method> <!-- setUp -->
        <test-method signature="addtoCartVerfication()[pri:0, instance:TestCases.TC005_AddToCartTest@515aebb0]" started-at="2025-08-08T13:17:45 IST" name="addtoCartVerfication" finished-at="2025-08-08T13:17:45 IST" duration-ms="802" status="PASS">
          <reporter-output>
          </reporter-output>
        </test-method> <!-- addtoCartVerfication -->
        <test-method is-config="true" signature="teardown()[pri:0, instance:TestCases.TC005_AddToCartTest@515aebb0]" started-at="2025-08-08T13:17:45 IST" name="teardown" finished-at="2025-08-08T13:17:46 IST" duration-ms="171" status="PASS">
          <reporter-output>
          </reporter-output>
        </test-method> <!-- teardown -->
      </class> <!-- TestCases.TC005_AddToCartTest -->
      <class name="TestCases.TC004_SearchingTest">
        <test-method is-config="true" signature="setUp(java.lang.String,java.lang.String)[pri:0, instance:TestCases.TC004_SearchingTest@37afeb11]" started-at="2025-08-08T13:17:39 IST" name="setUp" finished-at="2025-08-08T13:17:42 IST" duration-ms="2359" status="PASS">
          <params>
            <param index="0">
              <value>
                <![CDATA[window]]>
              </value>
            </param>
            <param index="1">
              <value>
                <![CDATA[chrome]]>
              </value>
            </param>
          </params>
          <reporter-output>
          </reporter-output>
        </test-method> <!-- setUp -->
        <test-method signature="search()[pri:0, instance:TestCases.TC004_SearchingTest@37afeb11]" started-at="2025-08-08T13:17:42 IST" name="search" finished-at="2025-08-08T13:17:42 IST" duration-ms="451" status="PASS">
          <reporter-output>
          </reporter-output>
        </test-method> <!-- search -->
        <test-method is-config="true" signature="teardown()[pri:0, instance:TestCases.TC004_SearchingTest@37afeb11]" started-at="2025-08-08T13:17:42 IST" name="teardown" finished-at="2025-08-08T13:17:42 IST" duration-ms="153" status="PASS">
          <reporter-output>
          </reporter-output>
        </test-method> <!-- teardown -->
      </class> <!-- TestCases.TC004_SearchingTest -->
      <class name="TestCases.TC003_DDTTest">
        <test-method is-config="true" signature="setUp(java.lang.String,java.lang.String)[pri:0, instance:TestCases.TC003_DDTTest@52bf72b5]" started-at="2025-08-08T13:17:06 IST" name="setUp" finished-at="2025-08-08T13:17:09 IST" duration-ms="2343" status="PASS">
          <params>
            <param index="0">
              <value>
                <![CDATA[window]]>
              </value>
            </param>
            <param index="1">
              <value>
                <![CDATA[chrome]]>
              </value>
            </param>
          </params>
          <reporter-output>
          </reporter-output>
        </test-method> <!-- setUp -->
        <test-method signature="verify_login(java.lang.String,java.lang.String,java.lang.String)[pri:0, instance:TestCases.TC003_DDTTest@52bf72b5]" started-at="2025-08-08T13:17:09 IST" name="verify_login" data-provider="logindata" finished-at="2025-08-08T13:17:12 IST" duration-ms="2841" status="PASS">
          <params>
            <param index="0">
              <value>
                <![CDATA[sample2@gmail.com]]>
              </value>
            </param>
            <param index="1">
              <value>
                <![CDATA[12345678]]>
              </value>
            </param>
            <param index="2">
              <value>
                <![CDATA[valid]]>
              </value>
            </param>
          </params>
          <reporter-output>
          </reporter-output>
        </test-method> <!-- verify_login -->
        <test-method signature="verify_login(java.lang.String,java.lang.String,java.lang.String)[pri:0, instance:TestCases.TC003_DDTTest@52bf72b5]" started-at="2025-08-08T13:17:12 IST" name="verify_login" data-provider="logindata" finished-at="2025-08-08T13:17:14 IST" duration-ms="2302" status="PASS">
          <params>
            <param index="0">
              <value>
                <![CDATA[sample3@gmail.com]]>
              </value>
            </param>
            <param index="1">
              <value>
                <![CDATA[987987]]>
              </value>
            </param>
            <param index="2">
              <value>
                <![CDATA[valid]]>
              </value>
            </param>
          </params>
          <reporter-output>
          </reporter-output>
        </test-method> <!-- verify_login -->
        <test-method signature="verify_login(java.lang.String,java.lang.String,java.lang.String)[pri:0, instance:TestCases.TC003_DDTTest@52bf72b5]" started-at="2025-08-08T13:17:14 IST" name="verify_login" data-provider="logindata" finished-at="2025-08-08T13:17:19 IST" duration-ms="5671" status="PASS">
          <params>
            <param index="0">
              <value>
                <![CDATA[john.doeexample.com]]>
              </value>
            </param>
            <param index="1">
              <value>
                <![CDATA[ValidPass123]]>
              </value>
            </param>
            <param index="2">
              <value>
                <![CDATA[invalid]]>
              </value>
            </param>
          </params>
          <reporter-output>
          </reporter-output>
        </test-method> <!-- verify_login -->
        <test-method signature="verify_login(java.lang.String,java.lang.String,java.lang.String)[pri:0, instance:TestCases.TC003_DDTTest@52bf72b5]" started-at="2025-08-08T13:17:20 IST" name="verify_login" data-provider="logindata" finished-at="2025-08-08T13:17:26 IST" duration-ms="6443" status="PASS">
          <params>
            <param index="0">
              <value>
                <![CDATA[@example.com]]>
              </value>
            </param>
            <param index="1">
              <value>
                <![CDATA[ValidPass123]]>
              </value>
            </param>
            <param index="2">
              <value>
                <![CDATA[invalid]]>
              </value>
            </param>
          </params>
          <reporter-output>
          </reporter-output>
        </test-method> <!-- verify_login -->
        <test-method signature="verify_login(java.lang.String,java.lang.String,java.lang.String)[pri:0, instance:TestCases.TC003_DDTTest@52bf72b5]" started-at="2025-08-08T13:17:26 IST" name="verify_login" data-provider="logindata" finished-at="2025-08-08T13:17:33 IST" duration-ms="6570" status="PASS">
          <params>
            <param index="0">
              <value>
                <![CDATA[valid.user@example.com]]>
              </value>
            </param>
            <param index="1">
              <value>
                <![CDATA[]]>
              </value>
            </param>
            <param index="2">
              <value>
                <![CDATA[invalid]]>
              </value>
            </param>
          </params>
          <reporter-output>
          </reporter-output>
        </test-method> <!-- verify_login -->
        <test-method signature="verify_login(java.lang.String,java.lang.String,java.lang.String)[pri:0, instance:TestCases.TC003_DDTTest@52bf72b5]" started-at="2025-08-08T13:17:33 IST" name="verify_login" data-provider="logindata" finished-at="2025-08-08T13:17:39 IST" duration-ms="6564" status="PASS">
          <params>
            <param index="0">
              <value>
                <![CDATA[valid.user@example.com]]>
              </value>
            </param>
            <param index="1">
              <value>
                <![CDATA[short]]>
              </value>
            </param>
            <param index="2">
              <value>
                <![CDATA[invalid]]>
              </value>
            </param>
          </params>
          <reporter-output>
          </reporter-output>
        </test-method> <!-- verify_login -->
        <test-method is-config="true" signature="teardown()[pri:0, instance:TestCases.TC003_DDTTest@52bf72b5]" started-at="2025-08-08T13:17:39 IST" name="teardown" finished-at="2025-08-08T13:17:39 IST" duration-ms="316" status="PASS">
          <reporter-output>
          </reporter-output>
        </test-method> <!-- teardown -->
      </class> <!-- TestCases.TC003_DDTTest -->
      <class name="TestCases.TC001_AccountRegistrationTest">
        <test-method is-config="true" signature="setUp(java.lang.String,java.lang.String)[pri:0, instance:TestCases.TC001_AccountRegistrationTest@5876a9af]" started-at="2025-08-08T13:16:54 IST" name="setUp" finished-at="2025-08-08T13:16:58 IST" duration-ms="3735" status="PASS">
          <params>
            <param index="0">
              <value>
                <![CDATA[window]]>
              </value>
            </param>
            <param index="1">
              <value>
                <![CDATA[chrome]]>
              </value>
            </param>
          </params>
          <reporter-output>
          </reporter-output>
        </test-method> <!-- setUp -->
        <test-method signature="register()[pri:0, instance:TestCases.TC001_AccountRegistrationTest@5876a9af]" started-at="2025-08-08T13:16:58 IST" name="register" finished-at="2025-08-08T13:17:01 IST" duration-ms="3082" status="PASS">
          <reporter-output>
          </reporter-output>
        </test-method> <!-- register -->
        <test-method is-config="true" signature="teardown()[pri:0, instance:TestCases.TC001_AccountRegistrationTest@5876a9af]" started-at="2025-08-08T13:17:01 IST" name="teardown" finished-at="2025-08-08T13:17:01 IST" duration-ms="321" status="PASS">
          <reporter-output>
          </reporter-output>
        </test-method> <!-- teardown -->
      </class> <!-- TestCases.TC001_AccountRegistrationTest -->
      <class name="TestCases.TC007_EndToEndTest">
        <test-method is-config="true" signature="setUp(java.lang.String,java.lang.String)[pri:0, instance:TestCases.TC007_EndToEndTest@245b4bdc]" started-at="2025-08-08T13:17:50 IST" name="setUp" finished-at="2025-08-08T13:17:52 IST" duration-ms="2119" status="PASS">
          <params>
            <param index="0">
              <value>
                <![CDATA[window]]>
              </value>
            </param>
            <param index="1">
              <value>
                <![CDATA[chrome]]>
              </value>
            </param>
          </params>
          <reporter-output>
          </reporter-output>
        </test-method> <!-- setUp -->
        <test-method signature="endToEndTesting()[pri:0, instance:TestCases.TC007_EndToEndTest@245b4bdc]" started-at="2025-08-08T13:17:52 IST" name="endToEndTesting" finished-at="2025-08-08T13:17:59 IST" duration-ms="6370" status="PASS">
          <reporter-output>
          </reporter-output>
        </test-method> <!-- endToEndTesting -->
        <test-method is-config="true" signature="teardown()[pri:0, instance:TestCases.TC007_EndToEndTest@245b4bdc]" started-at="2025-08-08T13:17:59 IST" name="teardown" finished-at="2025-08-08T13:17:59 IST" duration-ms="180" status="PASS">
          <reporter-output>
          </reporter-output>
        </test-method> <!-- teardown -->
      </class> <!-- TestCases.TC007_EndToEndTest -->
      <class name="TestCases.TC006_CurrencyChangeTest">
        <test-method is-config="true" signature="setUp(java.lang.String,java.lang.String)[pri:0, instance:TestCases.TC006_CurrencyChangeTest@dd8ba08]" started-at="2025-08-08T13:17:46 IST" name="setUp" finished-at="2025-08-08T13:17:48 IST" duration-ms="2040" status="PASS">
          <params>
            <param index="0">
              <value>
                <![CDATA[window]]>
              </value>
            </param>
            <param index="1">
              <value>
                <![CDATA[chrome]]>
              </value>
            </param>
          </params>
          <reporter-output>
          </reporter-output>
        </test-method> <!-- setUp -->
        <test-method signature="currencyTest()[pri:0, instance:TestCases.TC006_CurrencyChangeTest@dd8ba08]" started-at="2025-08-08T13:17:48 IST" name="currencyTest" finished-at="2025-08-08T13:17:50 IST" duration-ms="2562" status="PASS">
          <reporter-output>
          </reporter-output>
        </test-method> <!-- currencyTest -->
        <test-method is-config="true" signature="teardown()[pri:0, instance:TestCases.TC006_CurrencyChangeTest@dd8ba08]" started-at="2025-08-08T13:17:50 IST" name="teardown" finished-at="2025-08-08T13:17:50 IST" duration-ms="138" status="PASS">
          <reporter-output>
          </reporter-output>
        </test-method> <!-- teardown -->
      </class> <!-- TestCases.TC006_CurrencyChangeTest -->
      <class name="TestCases.TC002_LoginTest">
        <test-method is-config="true" signature="setUp(java.lang.String,java.lang.String)[pri:0, instance:TestCases.TC002_LoginTest@6d763516]" started-at="2025-08-08T13:17:01 IST" name="setUp" finished-at="2025-08-08T13:17:04 IST" duration-ms="2371" status="PASS">
          <params>
            <param index="0">
              <value>
                <![CDATA[window]]>
              </value>
            </param>
            <param index="1">
              <value>
                <![CDATA[chrome]]>
              </value>
            </param>
          </params>
          <reporter-output>
          </reporter-output>
        </test-method> <!-- setUp -->
        <test-method signature="login()[pri:0, instance:TestCases.TC002_LoginTest@6d763516]" started-at="2025-08-08T13:17:04 IST" name="login" finished-at="2025-08-08T13:17:06 IST" duration-ms="2209" status="PASS">
          <reporter-output>
          </reporter-output>
        </test-method> <!-- login -->
        <test-method is-config="true" signature="teardown()[pri:0, instance:TestCases.TC002_LoginTest@6d763516]" started-at="2025-08-08T13:17:06 IST" name="teardown" finished-at="2025-08-08T13:17:06 IST" duration-ms="345" status="PASS">
          <reporter-output>
          </reporter-output>
        </test-method> <!-- teardown -->
      </class> <!-- TestCases.TC002_LoginTest -->
    </test> <!-- Test -->
  </suite> <!-- Master Suite -->
</testng-results>
