<?xml version="1.0" encoding="UTF-8"?>
<testsuite xmlns:xsi="http://www.w3.org/2001/XMLSchema-instance" xsi:noNamespaceSchemaLocation="https://maven.apache.org/surefire/maven-surefire-plugin/xsd/surefire-test-report.xsd" version="3.0.2" name="TestSuite" time="91.851" tests="13" errors="0" skipped="0" failures="0">
  <properties>
[...]
</properties>
  <testcase name="register" classname="TestCases.TC001_AccountRegistrationTest" time="2.635">
    <system-out><![CDATA[Confirmation Message: Your Account Has Been Created!
]]></system-out>
    <system-err><![CDATA[SLF4J(W): No SLF4J providers were found.
SLF4J(W): Defaulting to no-operation (NOP) logger implementation
SLF4J(W): See https://www.slf4j.org/codes.html#noProviders for further details.
]]></system-err>
  </testcase>
  <testcase name="login" classname="TestCases.TC002_LoginTest" time="1.998"/>
  <testcase name="verify_login[sample2@gmail.com, 12345678, valid](1)" classname="TestCases.TC003_DDTTest" time="1.985"/>
  <testcase name="verify_login[sample3@gmail.com, 987987, valid](2)" classname="TestCases.TC003_DDTTest" time="1.807"/>
  <testcase name="verify_login[john.doeexample.com, ValidPass123, invalid](3)" classname="TestCases.TC003_DDTTest" time="11.274"/>
  <testcase name="verify_login[@example.com, ValidPass123, invalid](4)" classname="TestCases.TC003_DDTTest" time="11.765"/>
  <testcase name="verify_login[valid.user@example.com, , invalid](5)" classname="TestCases.TC003_DDTTest" time="11.715"/>
  <testcase name="verify_login[valid.user@example.com, short, invalid](6)" classname="TestCases.TC003_DDTTest" time="12.18"/>
  <testcase name="search" classname="TestCases.TC004_SearchingTest" time="0.591">
    <system-out><![CDATA[Search - iPhone
]]></system-out>
  </testcase>
  <testcase name="addtoCartVerfication" classname="TestCases.TC005_AddToCartTest" time="0.679">
    <system-out><![CDATA[iMac
Success: You have added iMac Air to your shopping cart!===Success: You have added iMac Air to your shopping cart!
]]></system-out>
  </testcase>
  <testcase name="currencyTest" classname="TestCases.TC006_CurrencyChangeTest" time="1.781"/>
  <testcase name="endToEndTesting" classname="TestCases.TC007_EndToEndTest" time="7.33">
    <system-out><![CDATA[Confirmation Message: Your Account Has Been Created!
Search - iPhone
iPhone
Success: You have added iPhone Air to your shopping cart!===Success: You have added iPhone Air to your shopping cart!
]]></system-out>
  </testcase>
  <testcase name="wishListTesting" classname="TestCases.TC008_WishListTest" time="4.989">
    <system-out><![CDATA[












Image
Product Name
Model
Stock
Unit Price
Action

iPhone]]></system-out>
  </testcase>
</testsuite>