<?xml version="1.0" encoding="UTF-8"?>
<testng-results ignored="0" total="15" passed="15" failed="0" skipped="0">
  <reporter-output>
  </reporter-output>
  <suite started-at="2025-08-11T12:43:56 IST" name="Master Suite" finished-at="2025-08-11T12:45:29 IST" duration-ms="93963">
    <groups>
      <group name="tc010">
        <method signature="TC010_AddToCompareTest.addtocompareTest()[pri:0, instance:TestCases.TC010_AddToCompareTest@436813f3]" name="addtocompareTest" class="TestCases.TC010_AddToCompareTest"/>
      </group> <!-- tc010 -->
      <group name="Master">
        <method signature="TC001_AccountRegistrationTest.register()[pri:0, instance:TestCases.TC001_AccountRegistrationTest@478190fc]" name="register" class="TestCases.TC001_AccountRegistrationTest"/>
        <method signature="TC002_LoginTest.login()[pri:0, instance:TestCases.TC002_LoginTest@36bc55de]" name="login" class="TestCases.TC002_LoginTest"/>
        <method signature="TC003_DDTTest.verify_login(java.lang.String,java.lang.String,java.lang.String)[pri:0, instance:TestCases.TC003_DDTTest@564fabc8]" name="verify_login" class="TestCases.TC003_DDTTest"/>
      </group> <!-- Master -->
      <group name="datadriven">
        <method signature="TC003_DDTTest.verify_login(java.lang.String,java.lang.String,java.lang.String)[pri:0, instance:TestCases.TC003_DDTTest@564fabc8]" name="verify_login" class="TestCases.TC003_DDTTest"/>
      </group> <!-- datadriven -->
      <group name="tc004">
        <method signature="TC004_SearchingTest.search()[pri:0, instance:TestCases.TC004_SearchingTest@16d04d3d]" name="search" class="TestCases.TC004_SearchingTest"/>
      </group> <!-- tc004 -->
      <group name="tc005">
        <method signature="TC005_AddToCartTest.addtoCartVerfication()[pri:0, instance:TestCases.TC005_AddToCartTest@49ec71f8]" name="addtoCartVerfication" class="TestCases.TC005_AddToCartTest"/>
      </group> <!-- tc005 -->
      <group name="regression">
        <method signature="TC001_AccountRegistrationTest.register()[pri:0, instance:TestCases.TC001_AccountRegistrationTest@478190fc]" name="register" class="TestCases.TC001_AccountRegistrationTest"/>
      </group> <!-- regression -->
      <group name="tc006">
        <method signature="TC006_CurrencyChangeTest.currencyTest()[pri:0, instance:TestCases.TC006_CurrencyChangeTest@1d2adfbe]" name="currencyTest" class="TestCases.TC006_CurrencyChangeTest"/>
      </group> <!-- tc006 -->
      <group name="tc007">
        <method signature="TC007_EndToEndTest.endToEndTesting()[pri:0, instance:TestCases.TC007_EndToEndTest@36902638]" name="endToEndTesting" class="TestCases.TC007_EndToEndTest"/>
      </group> <!-- tc007 -->
      <group name="tc008">
        <method signature="TC008_WishListTest.wishListTesting()[pri:0, instance:TestCases.TC008_WishListTest@223d2c72]" name="wishListTesting" class="TestCases.TC008_WishListTest"/>
      </group> <!-- tc008 -->
      <group name="sanity">
        <method signature="TC002_LoginTest.login()[pri:0, instance:TestCases.TC002_LoginTest@36bc55de]" name="login" class="TestCases.TC002_LoginTest"/>
      </group> <!-- sanity -->
      <group name="tc009">
        <method signature="TC009_HoverMenuNavigationTest.navigationTest()[pri:0, instance:TestCases.TC009_HoverMenuNavigationTest@8f4ea7c]" name="navigationTest" class="TestCases.TC009_HoverMenuNavigationTest"/>
      </group> <!-- tc009 -->
    </groups>
    <test started-at="2025-08-11T12:43:56 IST" name="Test" finished-at="2025-08-11T12:45:29 IST" duration-ms="93963">
      <class name="TestCases.TC010_AddToCompareTest">
        <test-method is-config="true" signature="setUp(java.lang.String,java.lang.String)[pri:0, instance:TestCases.TC010_AddToCompareTest@436813f3]" started-at="2025-08-11T12:45:24 IST" name="setUp" finished-at="2025-08-11T12:45:28 IST" duration-ms="3311" status="PASS">
          <params>
            <param index="0">
              <value>
                <![CDATA[window]]>
              </value>
            </param>
            <param index="1">
              <value>
                <![CDATA[chrome]]>
              </value>
            </param>
          </params>
          <reporter-output>
          </reporter-output>
        </test-method> <!-- setUp -->
        <test-method signature="addtocompareTest()[pri:0, instance:TestCases.TC010_AddToCompareTest@436813f3]" started-at="2025-08-11T12:45:28 IST" name="addtocompareTest" finished-at="2025-08-11T12:45:29 IST" duration-ms="1739" status="PASS">
          <reporter-output>
          </reporter-output>
        </test-method> <!-- addtocompareTest -->
        <test-method is-config="true" signature="teardown()[pri:0, instance:TestCases.TC010_AddToCompareTest@436813f3]" started-at="2025-08-11T12:45:29 IST" name="teardown" finished-at="2025-08-11T12:45:29 IST" duration-ms="168" status="PASS">
          <reporter-output>
          </reporter-output>
        </test-method> <!-- teardown -->
      </class> <!-- TestCases.TC010_AddToCompareTest -->
      <class name="TestCases.TC005_AddToCartTest">
        <test-method is-config="true" signature="setUp(java.lang.String,java.lang.String)[pri:0, instance:TestCases.TC005_AddToCartTest@49ec71f8]" started-at="2025-08-11T12:44:48 IST" name="setUp" finished-at="2025-08-11T12:44:51 IST" duration-ms="2698" status="PASS">
          <params>
            <param index="0">
              <value>
                <![CDATA[window]]>
              </value>
            </param>
            <param index="1">
              <value>
                <![CDATA[chrome]]>
              </value>
            </param>
          </params>
          <reporter-output>
          </reporter-output>
        </test-method> <!-- setUp -->
        <test-method signature="addtoCartVerfication()[pri:0, instance:TestCases.TC005_AddToCartTest@49ec71f8]" started-at="2025-08-11T12:44:51 IST" name="addtoCartVerfication" finished-at="2025-08-11T12:44:51 IST" duration-ms="718" status="PASS">
          <reporter-output>
          </reporter-output>
        </test-method> <!-- addtoCartVerfication -->
        <test-method is-config="true" signature="teardown()[pri:0, instance:TestCases.TC005_AddToCartTest@49ec71f8]" started-at="2025-08-11T12:44:51 IST" name="teardown" finished-at="2025-08-11T12:44:52 IST" duration-ms="240" status="PASS">
          <reporter-output>
          </reporter-output>
        </test-method> <!-- teardown -->
      </class> <!-- TestCases.TC005_AddToCartTest -->
      <class name="TestCases.TC004_SearchingTest">
        <test-method is-config="true" signature="setUp(java.lang.String,java.lang.String)[pri:0, instance:TestCases.TC004_SearchingTest@16d04d3d]" started-at="2025-08-11T12:44:45 IST" name="setUp" finished-at="2025-08-11T12:44:47 IST" duration-ms="2339" status="PASS">
          <params>
            <param index="0">
              <value>
                <![CDATA[window]]>
              </value>
            </param>
            <param index="1">
              <value>
                <![CDATA[chrome]]>
              </value>
            </param>
          </params>
          <reporter-output>
          </reporter-output>
        </test-method> <!-- setUp -->
        <test-method signature="search()[pri:0, instance:TestCases.TC004_SearchingTest@16d04d3d]" started-at="2025-08-11T12:44:47 IST" name="search" finished-at="2025-08-11T12:44:48 IST" duration-ms="938" status="PASS">
          <reporter-output>
          </reporter-output>
        </test-method> <!-- search -->
        <test-method is-config="true" signature="teardown()[pri:0, instance:TestCases.TC004_SearchingTest@16d04d3d]" started-at="2025-08-11T12:44:48 IST" name="teardown" finished-at="2025-08-11T12:44:48 IST" duration-ms="162" status="PASS">
          <reporter-output>
          </reporter-output>
        </test-method> <!-- teardown -->
      </class> <!-- TestCases.TC004_SearchingTest -->
      <class name="TestCases.TC003_DDTTest">
        <test-method is-config="true" signature="setUp(java.lang.String,java.lang.String)[pri:0, instance:TestCases.TC003_DDTTest@564fabc8]" started-at="2025-08-11T12:44:10 IST" name="setUp" finished-at="2025-08-11T12:44:12 IST" duration-ms="2329" status="PASS">
          <params>
            <param index="0">
              <value>
                <![CDATA[window]]>
              </value>
            </param>
            <param index="1">
              <value>
                <![CDATA[chrome]]>
              </value>
            </param>
          </params>
          <reporter-output>
          </reporter-output>
        </test-method> <!-- setUp -->
        <test-method signature="verify_login(java.lang.String,java.lang.String,java.lang.String)[pri:0, instance:TestCases.TC003_DDTTest@564fabc8]" started-at="2025-08-11T12:44:12 IST" name="verify_login" data-provider="logindata" finished-at="2025-08-11T12:44:15 IST" duration-ms="2743" status="PASS">
          <params>
            <param index="0">
              <value>
                <![CDATA[sample2@gmail.com]]>
              </value>
            </param>
            <param index="1">
              <value>
                <![CDATA[12345678]]>
              </value>
            </param>
            <param index="2">
              <value>
                <![CDATA[valid]]>
              </value>
            </param>
          </params>
          <reporter-output>
          </reporter-output>
        </test-method> <!-- verify_login -->
        <test-method signature="verify_login(java.lang.String,java.lang.String,java.lang.String)[pri:0, instance:TestCases.TC003_DDTTest@564fabc8]" started-at="2025-08-11T12:44:15 IST" name="verify_login" data-provider="logindata" finished-at="2025-08-11T12:44:17 IST" duration-ms="2295" status="PASS">
          <params>
            <param index="0">
              <value>
                <![CDATA[sample3@gmail.com]]>
              </value>
            </param>
            <param index="1">
              <value>
                <![CDATA[987987]]>
              </value>
            </param>
            <param index="2">
              <value>
                <![CDATA[valid]]>
              </value>
            </param>
          </params>
          <reporter-output>
          </reporter-output>
        </test-method> <!-- verify_login -->
        <test-method signature="verify_login(java.lang.String,java.lang.String,java.lang.String)[pri:0, instance:TestCases.TC003_DDTTest@564fabc8]" started-at="2025-08-11T12:44:17 IST" name="verify_login" data-provider="logindata" finished-at="2025-08-11T12:44:24 IST" duration-ms="6242" status="PASS">
          <params>
            <param index="0">
              <value>
                <![CDATA[john.doeexample.com]]>
              </value>
            </param>
            <param index="1">
              <value>
                <![CDATA[ValidPass123]]>
              </value>
            </param>
            <param index="2">
              <value>
                <![CDATA[invalid]]>
              </value>
            </param>
          </params>
          <reporter-output>
          </reporter-output>
        </test-method> <!-- verify_login -->
        <test-method signature="verify_login(java.lang.String,java.lang.String,java.lang.String)[pri:0, instance:TestCases.TC003_DDTTest@564fabc8]" started-at="2025-08-11T12:44:24 IST" name="verify_login" data-provider="logindata" finished-at="2025-08-11T12:44:30 IST" duration-ms="6529" status="PASS">
          <params>
            <param index="0">
              <value>
                <![CDATA[@example.com]]>
              </value>
            </param>
            <param index="1">
              <value>
                <![CDATA[ValidPass123]]>
              </value>
            </param>
            <param index="2">
              <value>
                <![CDATA[invalid]]>
              </value>
            </param>
          </params>
          <reporter-output>
          </reporter-output>
        </test-method> <!-- verify_login -->
        <test-method signature="verify_login(java.lang.String,java.lang.String,java.lang.String)[pri:0, instance:TestCases.TC003_DDTTest@564fabc8]" started-at="2025-08-11T12:44:30 IST" name="verify_login" data-provider="logindata" finished-at="2025-08-11T12:44:38 IST" duration-ms="7407" status="PASS">
          <params>
            <param index="0">
              <value>
                <![CDATA[valid.user@example.com]]>
              </value>
            </param>
            <param index="1">
              <value>
                <![CDATA[]]>
              </value>
            </param>
            <param index="2">
              <value>
                <![CDATA[invalid]]>
              </value>
            </param>
          </params>
          <reporter-output>
          </reporter-output>
        </test-method> <!-- verify_login -->
        <test-method signature="verify_login(java.lang.String,java.lang.String,java.lang.String)[pri:0, instance:TestCases.TC003_DDTTest@564fabc8]" started-at="2025-08-11T12:44:38 IST" name="verify_login" data-provider="logindata" finished-at="2025-08-11T12:44:44 IST" duration-ms="6609" status="PASS">
          <params>
            <param index="0">
              <value>
                <![CDATA[valid.user@example.com]]>
              </value>
            </param>
            <param index="1">
              <value>
                <![CDATA[short]]>
              </value>
            </param>
            <param index="2">
              <value>
                <![CDATA[invalid]]>
              </value>
            </param>
          </params>
          <reporter-output>
          </reporter-output>
        </test-method> <!-- verify_login -->
        <test-method is-config="true" signature="teardown()[pri:0, instance:TestCases.TC003_DDTTest@564fabc8]" started-at="2025-08-11T12:44:44 IST" name="teardown" finished-at="2025-08-11T12:44:45 IST" duration-ms="391" status="PASS">
          <reporter-output>
          </reporter-output>
        </test-method> <!-- teardown -->
      </class> <!-- TestCases.TC003_DDTTest -->
      <class name="TestCases.TC001_AccountRegistrationTest">
        <test-method is-config="true" signature="setUp(java.lang.String,java.lang.String)[pri:0, instance:TestCases.TC001_AccountRegistrationTest@478190fc]" started-at="2025-08-11T12:43:56 IST" name="setUp" finished-at="2025-08-11T12:44:03 IST" duration-ms="7170" status="PASS">
          <params>
            <param index="0">
              <value>
                <![CDATA[window]]>
              </value>
            </param>
            <param index="1">
              <value>
                <![CDATA[chrome]]>
              </value>
            </param>
          </params>
          <reporter-output>
          </reporter-output>
        </test-method> <!-- setUp -->
        <test-method signature="register()[pri:0, instance:TestCases.TC001_AccountRegistrationTest@478190fc]" started-at="2025-08-11T12:44:03 IST" name="register" finished-at="2025-08-11T12:44:05 IST" duration-ms="2364" status="PASS">
          <reporter-output>
          </reporter-output>
        </test-method> <!-- register -->
        <test-method is-config="true" signature="teardown()[pri:0, instance:TestCases.TC001_AccountRegistrationTest@478190fc]" started-at="2025-08-11T12:44:05 IST" name="teardown" finished-at="2025-08-11T12:44:06 IST" duration-ms="207" status="PASS">
          <reporter-output>
          </reporter-output>
        </test-method> <!-- teardown -->
      </class> <!-- TestCases.TC001_AccountRegistrationTest -->
      <class name="TestCases.TC008_WishListTest">
        <test-method is-config="true" signature="setUp(java.lang.String,java.lang.String)[pri:0, instance:TestCases.TC008_WishListTest@223d2c72]" started-at="2025-08-11T12:45:13 IST" name="setUp" finished-at="2025-08-11T12:45:16 IST" duration-ms="3029" status="PASS">
          <params>
            <param index="0">
              <value>
                <![CDATA[window]]>
              </value>
            </param>
            <param index="1">
              <value>
                <![CDATA[chrome]]>
              </value>
            </param>
          </params>
          <reporter-output>
          </reporter-output>
        </test-method> <!-- setUp -->
        <test-method signature="wishListTesting()[pri:0, instance:TestCases.TC008_WishListTest@223d2c72]" started-at="2025-08-11T12:45:16 IST" name="wishListTesting" finished-at="2025-08-11T12:45:21 IST" duration-ms="4993" status="PASS">
          <reporter-output>
          </reporter-output>
        </test-method> <!-- wishListTesting -->
        <test-method is-config="true" signature="teardown()[pri:0, instance:TestCases.TC008_WishListTest@223d2c72]" started-at="2025-08-11T12:45:21 IST" name="teardown" finished-at="2025-08-11T12:45:21 IST" duration-ms="186" status="PASS">
          <reporter-output>
          </reporter-output>
        </test-method> <!-- teardown -->
      </class> <!-- TestCases.TC008_WishListTest -->
      <class name="TestCases.TC009_HoverMenuNavigationTest">
        <test-method is-config="true" signature="setUp(java.lang.String,java.lang.String)[pri:0, instance:TestCases.TC009_HoverMenuNavigationTest@8f4ea7c]" started-at="2025-08-11T12:45:21 IST" name="setUp" finished-at="2025-08-11T12:45:23 IST" duration-ms="2036" status="PASS">
          <params>
            <param index="0">
              <value>
                <![CDATA[window]]>
              </value>
            </param>
            <param index="1">
              <value>
                <![CDATA[chrome]]>
              </value>
            </param>
          </params>
          <reporter-output>
          </reporter-output>
        </test-method> <!-- setUp -->
        <test-method signature="navigationTest()[pri:0, instance:TestCases.TC009_HoverMenuNavigationTest@8f4ea7c]" started-at="2025-08-11T12:45:23 IST" name="navigationTest" finished-at="2025-08-11T12:45:24 IST" duration-ms="913" status="PASS">
          <reporter-output>
          </reporter-output>
        </test-method> <!-- navigationTest -->
        <test-method is-config="true" signature="teardown()[pri:0, instance:TestCases.TC009_HoverMenuNavigationTest@8f4ea7c]" started-at="2025-08-11T12:45:24 IST" name="teardown" finished-at="2025-08-11T12:45:24 IST" duration-ms="170" status="PASS">
          <reporter-output>
          </reporter-output>
        </test-method> <!-- teardown -->
      </class> <!-- TestCases.TC009_HoverMenuNavigationTest -->
      <class name="TestCases.TC007_EndToEndTest">
        <test-method is-config="true" signature="setUp(java.lang.String,java.lang.String)[pri:0, instance:TestCases.TC007_EndToEndTest@36902638]" started-at="2025-08-11T12:45:02 IST" name="setUp" finished-at="2025-08-11T12:45:05 IST" duration-ms="2931" status="PASS">
          <params>
            <param index="0">
              <value>
                <![CDATA[window]]>
              </value>
            </param>
            <param index="1">
              <value>
                <![CDATA[chrome]]>
              </value>
            </param>
          </params>
          <reporter-output>
          </reporter-output>
        </test-method> <!-- setUp -->
        <test-method signature="endToEndTesting()[pri:0, instance:TestCases.TC007_EndToEndTest@36902638]" started-at="2025-08-11T12:45:05 IST" name="endToEndTesting" finished-at="2025-08-11T12:45:12 IST" duration-ms="7823" status="PASS">
          <reporter-output>
          </reporter-output>
        </test-method> <!-- endToEndTesting -->
        <test-method is-config="true" signature="teardown()[pri:0, instance:TestCases.TC007_EndToEndTest@36902638]" started-at="2025-08-11T12:45:12 IST" name="teardown" finished-at="2025-08-11T12:45:13 IST" duration-ms="495" status="PASS">
          <reporter-output>
          </reporter-output>
        </test-method> <!-- teardown -->
      </class> <!-- TestCases.TC007_EndToEndTest -->
      <class name="TestCases.TC006_CurrencyChangeTest">
        <test-method is-config="true" signature="setUp(java.lang.String,java.lang.String)[pri:0, instance:TestCases.TC006_CurrencyChangeTest@1d2adfbe]" started-at="2025-08-11T12:44:52 IST" name="setUp" finished-at="2025-08-11T12:44:57 IST" duration-ms="5523" status="PASS">
          <params>
            <param index="0">
              <value>
                <![CDATA[window]]>
              </value>
            </param>
            <param index="1">
              <value>
                <![CDATA[chrome]]>
              </value>
            </param>
          </params>
          <reporter-output>
          </reporter-output>
        </test-method> <!-- setUp -->
        <test-method signature="currencyTest()[pri:0, instance:TestCases.TC006_CurrencyChangeTest@1d2adfbe]" started-at="2025-08-11T12:44:57 IST" name="currencyTest" finished-at="2025-08-11T12:45:02 IST" duration-ms="4252" status="PASS">
          <reporter-output>
          </reporter-output>
        </test-method> <!-- currencyTest -->
        <test-method is-config="true" signature="teardown()[pri:0, instance:TestCases.TC006_CurrencyChangeTest@1d2adfbe]" started-at="2025-08-11T12:45:02 IST" name="teardown" finished-at="2025-08-11T12:45:02 IST" duration-ms="178" status="PASS">
          <reporter-output>
          </reporter-output>
        </test-method> <!-- teardown -->
      </class> <!-- TestCases.TC006_CurrencyChangeTest -->
      <class name="TestCases.TC002_LoginTest">
        <test-method is-config="true" signature="setUp(java.lang.String,java.lang.String)[pri:0, instance:TestCases.TC002_LoginTest@36bc55de]" started-at="2025-08-11T12:44:06 IST" name="setUp" finished-at="2025-08-11T12:44:08 IST" duration-ms="2631" status="PASS">
          <params>
            <param index="0">
              <value>
                <![CDATA[window]]>
              </value>
            </param>
            <param index="1">
              <value>
                <![CDATA[chrome]]>
              </value>
            </param>
          </params>
          <reporter-output>
          </reporter-output>
        </test-method> <!-- setUp -->
        <test-method signature="login()[pri:0, instance:TestCases.TC002_LoginTest@36bc55de]" started-at="2025-08-11T12:44:08 IST" name="login" finished-at="2025-08-11T12:44:10 IST" duration-ms="1711" status="PASS">
          <reporter-output>
          </reporter-output>
        </test-method> <!-- login -->
        <test-method is-config="true" signature="teardown()[pri:0, instance:TestCases.TC002_LoginTest@36bc55de]" started-at="2025-08-11T12:44:10 IST" name="teardown" finished-at="2025-08-11T12:44:10 IST" duration-ms="180" status="PASS">
          <reporter-output>
          </reporter-output>
        </test-method> <!-- teardown -->
      </class> <!-- TestCases.TC002_LoginTest -->
    </test> <!-- Test -->
  </suite> <!-- Master Suite -->
</testng-results>
